Category:Articles	296.79727
United States	220.89622
France	200.05313
Category:Living people	133.87646
Category:Social sciences	133.2645
Category:Contents	125.594925
Category:People	124.4535
Category:Science	109.37702
Category:Everyday life	93.101364
Category:Culture	83.52322
Japan	81.54769
Category:Humanities	65.02732
Category:European countries	64.5103
Category:Society	61.987045
Category:States of the United States	61.599453
Europe	55.234653
England	55.15666
Sweden	49.497528
United Kingdom	47.885
List of Internet top-level domains	46.672302
Category:Categories by nationality	46.36814
India	43.951035
Germany	43.923862
Pakistan	42.50106
Category:Wikipedia templates	40.288822
Category:Biology	38.186028
Australia	37.697983
London	36.58533
Category:Politics	34.59509
Italy	34.30087
Canada	34.17703
Category:Natural sciences	32.656876
Category:Scientific disciplines	32.509285
Category:Entertainment	30.872246
Spain	30.101881
Animal	29.9803
Category:Countries by continent	29.645088
World War II	28.976307
New York City	28.251131
Category:Administrative regions of France	28.115896
Russia	27.803524
California	27.728739
Category:Sports	27.478714
Brazil	27.200996
Switzerland	26.782665
Category:Computing	26.08493
Iowa	25.616253
Category:People by occupation	24.934044
Category:Asian countries	24.415136
China	24.076977
Category:Landforms	24.025393
Pays de la Loire	23.865078
Islam	23.367151
Category:American movie actors	23.281116
Category:Cities in Iowa	22.987757
Asia	22.423914
Paris	22.209286
Africa	22.176973
Category:North American countries	22.074768
Illinois	21.909327
List of popes	21.754122
Category:American television actors	21.548582
Category:Continents	21.493702
Category:Categories by genre	21.140892
Category:Subtemplates of Template Infobox road	20.93262
New York	20.670532
Scotland	20.254862
North America	20.042864
Category:Language	19.553072
Category:Communication	19.490416
Category:Highway infobox templates	19.350555
Nord-Pas-de-Calais	19.30947
Category:Categories by continent	19.303223
Category:Physics	18.56092
Pas-de-Calais	18.314127
Category:Economics	18.306974
Category:Leisure	18.14241
Romania	17.949928
Category:Movies by genre	17.901262
Florida	17.901045
Category:Games	17.886515
Category:Religion	17.875755
Category:England	17.872356
World War I	17.76665
Picardie	17.750774
Rhône-Alpes	17.693293
Los Angeles	17.237564
Category:Mathematics	17.175476
2006	17.131317
Category:Technology	16.996107
Category:Nature	16.87578
Aisne	16.866236
Picardy	16.851171
Chicago	16.833931
European Union	16.785707
Category:Government	16.696005
Basse-Normandie	16.668276
Mexico	16.640795
Category:Regions of England	16.59571
Category:Literature	16.572012
